[2020-07-05 10:09:05.208]   S0:173	S1:214	S2:142	t:108454	dt:58660	p:7.50	d:1.12	DIR:0	Angle:8
[2020-07-05 10:09:05.716]   S0:175	S1:192	S2:144	t:108484	dt:30	p:7.50	d:1.48	DIR:0	Angle:8
[2020-07-05 10:09:05.721]   S0:172	S1:215	S2:138	t:108504	dt:20	p:8.50	d:4.20	DIR:0	Angle:12
[2020-07-05 10:09:05.726]   S0:174	S1:219	S2:141	t:108524	dt:20	p:8.00	d:0.23	DIR:0	Angle:8
[2020-07-05 10:09:05.731]   S0:173	S1:204	S2:142	t:108554	dt:30	p:7.50	d:0.36	DIR:0	Angle:7
[2020-07-05 10:09:05.738]   S0:168	S1:245	S2:140	t:108574	dt:20	p:7.00	d:-1.47	DIR:0	Angle:5
[2020-07-05 10:09:05.744]   S0:172	S1:236	S2:145	t:108594	dt:20	p:6.50	d:-2.03	DIR:0	Angle:4
[2020-07-05 10:09:05.750]   S0:172	S1:242	S2:145	t:108614	dt:20	p:6.50	d:-1.17	DIR:0	Angle:5
[2020-07-05 10:09:05.757]   S0:168	S1:248	S2:147	t:108644	dt:30	p:5.00	d:-4.40	DIR:1	Angle:0
[2020-07-05 10:09:05.765]   S0:169	S1:267	S2:150	t:108664	dt:20	p:4.50	d:-3.52	DIR:1	Angle:0
[2020-07-05 10:09:05.772]   S0:167	S1:262	S2:153	t:108684	dt:20	p:3.50	d:-5.97	DIR:2	Angle:2
[2020-07-05 10:09:05.776]   S0:166	S1:268	S2:156	t:108714	dt:30	p:2.50	d:-5.39	DIR:2	Angle:2
[2020-07-05 10:09:05.783]   S0:164	S1:286	S2:157	t:108734	dt:20	p:1.50	d:-7.12	DIR:2	Angle:5
[2020-07-05 10:09:05.789]   S0:157	S1:278	S2:158	t:108754	dt:20	p:-0.50	d:-10.84	DIR:2	Angle:11
[2020-07-05 10:09:05.789]   S0:161	S1:297	S2:165	t:108784	dt:30	p:-1.00	d:-7.10	DIR:2	Angle:8
[2020-07-05 10:09:05.802]   S0:92	S1:265	S2:600	t:109495	dt:711	p:-127.00	d:-17.79	DIR:2	Angle:100
[2020-07-05 10:09:05.807]   S0:87	S1:254	S2:600	t:109516	dt:21	p:-128.50	d:-13.06	DIR:2	Angle:100
[2020-07-05 10:09:05.820]   S0:78	S1:242	S2:600	t:109537	dt:21	p:-130.50	d:-16.63	DIR:2	Angle:100
[2020-07-05 10:09:05.832]   S0:70	S1:231	S2:600	t:109558	dt:21	p:-132.50	d:-16.25	DIR:2	Angle:100
[2020-07-05 10:09:05.837]   S0:82	S1:226	S2:600	t:109578	dt:20	p:-129.50	d:-0.96	DIR:2	Angle:100
[2020-07-05 10:09:05.892]   S0:79	S1:235	S2:600	t:109608	dt:30	p:-130.50	d:-7.96	DIR:2	Angle:100
[2020-07-05 10:09:05.956]   S0:75	S1:253	S2:600	t:109628	dt:20	p:-131.50	d:-6.31	DIR:2	Angle:100
[2020-07-05 10:09:05.974]   S0:85	S1:280	S2:600	t:109648	dt:20	p:-129.00	d:3.58	DIR:2	Angle:100
[2020-07-05 10:09:05.983]   S0:93	S1:299	S2:600	t:109678	dt:30	p:-127.00	d:3.54	DIR:2	Angle:100
[2020-07-05 10:09:05.991]   S0:101	S1:299	S2:600	t:109698	dt:20	p:-125.00	d:9.04	DIR:2	Angle:100
[2020-07-05 10:09:06.005]   S0:114	S1:324	S2:600	t:109718	dt:20	p:-121.50	d:15.86	DIR:2	Angle:100
[2020-07-05 10:09:06.123]   S0:127	S1:353	S2:600	t:109748	dt:30	p:-118.50	d:14.97	DIR:2	Angle:100
[2020-07-05 10:09:06.173]   S0:145	S1:378	S2:600	t:109768	dt:20	p:-114.00	d:25.27	DIR:2	Angle:88
[2020-07-05 10:09:06.201]   S0:159	S1:361	S2:600	t:109788	dt:20	p:-110.50	d:25.08	DIR:2	Angle:85
[2020-07-05 10:09:06.216]   S0:179	S1:355	S2:600	t:109818	dt:30	p:-105.50	d:27.90	DIR:2	Angle:77
[2020-07-05 10:09:06.236]   S0:186	S1:368	S2:600	t:109838	dt:20	p:-103.50	d:24.33	DIR:2	Angle:79
[2020-07-05 10:09:06.241]   S0:209	S1:408	S2:550	t:109858	dt:20	p:-85.50	d:77.41	DIR:2	Angle:8
[2020-07-05 10:09:06.248]   S0:230	S1:421	S2:299	t:109888	dt:30	p:-17.50	d:185.02	DIR:0	Angle:100
[2020-07-05 10:09:06.259]   S0:246	S1:455	S2:246	t:109908	dt:20	p:0.00	d:145.81	DIR:0	Angle:100
[2020-07-05 10:09:06.264]   S0:256	S1:476	S2:220	t:109938	dt:30	p:9.00	d:130.28	DIR:0	Angle:100
[2020-07-05 10:09:06.269]   S0:270	S1:492	S2:200	t:109958	dt:20	p:17.50	d:120.36	DIR:0	Angle:100
[2020-07-05 10:09:06.276]   S0:293	S1:509	S2:184	t:109978	dt:20	p:27.00	d:115.21	DIR:0	Angle:100
[2020-07-05 10:09:06.281]   S0:317	S1:513	S2:174	t:110008	dt:30	p:35.50	d:97.41	DIR:0	Angle:100
[2020-07-05 10:09:06.289]   S0:307	S1:487	S2:169	t:110028	dt:20	p:34.50	d:67.54	DIR:0	Angle:100
[2020-07-05 10:09:06.310]   S0:298	S1:447	S2:174	t:110048	dt:20	p:31.00	d:43.32	DIR:0	Angle:74
[2020-07-05 10:09:06.340]   S0:275	S1:414	S2:222	t:110078	dt:30	p:13.00	d:-3.05	DIR:0	Angle:9
[2020-07-05 10:09:06.357]   S0:261	S1:374	S2:600	t:110098	dt:20	p:-85.00	d:-313.24	DIR:2	Angle:100
[2020-07-05 10:09:06.388]   S0:245	S1:327	S2:600	t:110128	dt:30	p:-89.00	d:-114.32	DIR:2	Angle:100
[2020-07-05 10:09:06.451]   S0:231	S1:293	S2:600	t:110148	dt:20	p:-92.50	d:-154.19	DIR:2	Angle:100
[2020-07-05 10:09:06.459]   S0:216	S1:266	S2:600	t:110168	dt:20	p:-96.00	d:-101.17	DIR:2	Angle:100
[2020-07-05 10:09:06.506]   S0:206	S1:241	S2:600	t:110198	dt:30	p:-98.50	d:-90.67	DIR:2	Angle:100
[2020-07-05 10:09:06.516]   S0:195	S1:224	S2:600	t:110218	dt:20	p:-101.50	d:-73.95	DIR:2	Angle:100
[2020-07-05 10:09:06.524]   S0:185	S1:212	S2:600	t:110238	dt:20	p:-104.00	d:-63.21	DIR:2	Angle:100
[2020-07-05 10:09:06.567]   S0:172	S1:203	S2:600	t:110258	dt:20	p:-107.00	d:-55.72	DIR:2	Angle:100
[2020-07-05 10:09:06.573]   S0:163	S1:200	S2:600	t:110288	dt:30	p:-109.50	d:-45.20	DIR:2	Angle:100
[2020-07-05 10:09:06.579]   S0:156	S1:196	S2:600	t:110308	dt:20	p:-111.00	d:-38.64	DIR:2	Angle:100
[2020-07-05 10:09:06.606]   S0:155	S1:186	S2:600	t:110338	dt:30	p:-111.50	d:-29.06	DIR:2	Angle:100
[2020-07-05 10:09:06.618]   S0:139	S1:190	S2:600	t:110358	dt:20	p:-115.50	d:-35.90	DIR:2	Angle:100
[2020-07-05 10:09:06.638]   S0:133	S1:205	S2:600	t:110378	dt:20	p:-117.00	d:-26.65	DIR:2	Angle:100
[2020-07-05 10:09:06.667]   S0:129	S1:211	S2:600	t:110408	dt:30	p:-118.00	d:-23.07	DIR:2	Angle:100
[2020-07-05 10:09:06.688]   S0:129	S1:215	S2:600	t:110428	dt:20	p:-118.00	d:-16.57	DIR:2	Angle:100
[2020-07-05 10:09:06.708]   S0:128	S1:224	S2:600	t:110448	dt:20	p:-118.00	d:-13.22	DIR:2	Angle:100
[2020-07-05 10:09:06.739]   S0:129	S1:237	S2:600	t:110479	dt:31	p:-118.00	d:-9.93	DIR:2	Angle:100
[2020-07-05 10:09:06.791]   S0:127	S1:256	S2:600	t:110499	dt:20	p:-118.50	d:-9.38	DIR:2	Angle:100
[2020-07-05 10:09:06.807]   S0:128	S1:276	S2:600	t:110519	dt:20	p:-118.00	d:-4.77	DIR:2	Angle:100
[2020-07-05 10:09:06.811]   S0:134	S1:285	S2:600	t:110549	dt:30	p:-116.50	d:-1.38	DIR:2	Angle:100
[2020-07-05 10:09:06.828]   S0:136	S1:310	S2:600	t:110569	dt:20	p:-116.00	d:-0.38	DIR:2	Angle:100
[2020-07-05 10:09:06.850]   S0:137	S1:353	S2:251	t:110589	dt:20	p:-28.50	d:291.08	DIR:0	Angle:100
[2020-07-05 10:09:06.902]   S0:146	S1:371	S2:265	t:110619	dt:30	p:-30.00	d:93.56	DIR:0	Angle:63
[2020-07-05 10:09:06.906]   S0:156	S1:392	S2:258	t:110639	dt:20	p:-25.50	d:143.21	DIR:0	Angle:100
[2020-07-05 10:09:06.919]   S0:165	S1:402	S2:239	t:110659	dt:20	p:-18.50	d:102.26	DIR:0	Angle:83
[2020-07-05 10:09:06.947]   S0:170	S1:413	S2:224	t:110689	dt:30	p:-13.50	d:92.94	DIR:0	Angle:79
[2020-07-05 10:09:06.969]   S0:180	S1:429	S2:222	t:110710	dt:21	p:-10.50	d:74.59	DIR:0	Angle:64
[2020-07-05 10:09:06.995]   S0:184	S1:416	S2:221	t:110730	dt:20	p:-9.50	d:59.17	DIR:0	Angle:49
[2020-07-05 10:09:07.018]   S0:181	S1:395	S2:234	t:110760	dt:30	p:-13.50	d:35.70	DIR:0	Angle:22
[2020-07-05 10:09:07.040]   S0:168	S1:342	S2:248	t:110780	dt:20	p:-20.00	d:9.96	DIR:2	Angle:10
[2020-07-05 10:09:07.058]   S0:153	S1:294	S2:189	t:110800	dt:20	p:-9.00	d:51.89	DIR:0	Angle:42
[2020-07-05 10:09:07.088]   S0:137	S1:265	S2:600	t:110830	dt:30	p:-116.00	d:-217.16	DIR:2	Angle:100
[2020-07-05 10:09:07.109]   S0:125	S1:239	S2:600	t:110850	dt:20	p:-119.00	d:-65.09	DIR:2	Angle:100
[2020-07-05 10:09:07.137]   S0:100	S1:214	S2:600	t:110870	dt:20	p:-125.00	d:-114.09	DIR:2	Angle:100
[2020-07-05 10:09:07.208]   S0:96	S1:195	S2:600	t:110900	dt:30	p:-126.00	d:-61.95	DIR:2	Angle:100
[2020-07-05 10:09:07.226]   S0:104	S1:185	S2:600	t:110921	dt:21	p:-124.00	d:-52.33	DIR:2	Angle:100
[2020-07-05 10:09:07.243]   S0:101	S1:179	S2:600	t:110941	dt:20	p:-125.00	d:-41.43	DIR:2	Angle:100
[2020-07-05 10:09:07.277]   S0:86	S1:168	S2:600	t:110971	dt:30	p:-128.50	d:-39.03	DIR:2	Angle:100
[2020-07-05 10:09:07.284]   S0:82	S1:188	S2:600	t:110991	dt:20	p:-129.50	d:-30.15	DIR:2	Angle:100
[2020-07-05 10:09:07.300]   S0:80	S1:220	S2:600	t:111011	dt:20	p:-130.00	d:-24.73	DIR:2	Angle:100
[2020-07-05 10:09:07.307]   S0:81	S1:239	S2:478	t:111041	dt:30	p:-99.50	d:49.48	DIR:2	Angle:50
[2020-07-05 10:09:07.320]   S0:87	S1:259	S2:423	t:111061	dt:20	p:-84.00	d:59.92	DIR:2	Angle:24
[2020-07-05 10:09:07.341]   S0:93	S1:288	S2:365	t:111082	dt:21	p:-68.00	d:87.26	DIR:0	Angle:19
[2020-07-05 10:09:07.372]   S0:105	S1:323	S2:305	t:111111	dt:29	p:-50.00	d:90.44	DIR:0	Angle:40
[2020-07-05 10:09:07.420]   S0:108	S1:362	S2:266	t:111131	dt:20	p:-39.50	d:94.23	DIR:0	Angle:54
[2020-07-05 10:09:07.457]   S0:129	S1:383	S2:264	t:111161	dt:30	p:-34.00	d:73.78	DIR:0	Angle:39
[2020-07-05 10:09:07.466]   S0:132	S1:382	S2:275	t:111181	dt:20	p:-36.00	d:49.34	DIR:0	Angle:13
[2020-07-05 10:09:07.482]   S0:125	S1:359	S2:291	t:111201	dt:20	p:-41.50	d:22.71	DIR:2	Angle:18
[2020-07-05 10:09:07.535]   S0:121	S1:318	S2:329	t:111231	dt:30	p:-52.00	d:0.68	DIR:2	Angle:51
[2020-07-05 10:09:07.553]   S0:110	S1:285	S2:358	t:111251	dt:20	p:-62.00	d:-25.54	DIR:2	Angle:87
[2020-07-05 10:09:07.569]   S0:100	S1:252	S2:391	t:111271	dt:20	p:-73.00	d:-44.95	DIR:2	Angle:100
[2020-07-05 10:09:07.607]   S0:89	S1:226	S2:424	t:111302	dt:31	p:-84.00	d:-47.15	DIR:2	Angle:100
[2020-07-05 10:09:07.649]   S0:87	S1:218	S2:466	t:111322	dt:20	p:-95.00	d:-67.37	DIR:2	Angle:100
[2020-07-05 10:09:07.699]   S0:85	S1:222	S2:473	t:111342	dt:20	p:-97.00	d:-44.84	DIR:2	Angle:100
[2020-07-05 10:09:07.724]   S0:84	S1:248	S2:422	t:111372	dt:30	p:-84.50	d:-9.63	DIR:2	Angle:94
[2020-07-05 10:09:07.732]   S0:84	S1:297	S2:364	t:111392	dt:20	p:-70.00	d:30.18	DIR:2	Angle:39
[2020-07-05 10:09:07.742]   S0:89	S1:329	S2:330	t:111412	dt:20	p:-60.50	d:38.52	DIR:2	Angle:21
[2020-07-05 10:09:07.750]   S0:93	S1:340	S2:309	t:111442	dt:30	p:-54.00	d:37.34	DIR:2	Angle:16
[2020-07-05 10:09:07.755]   S0:100	S1:375	S2:293	t:111462	dt:20	p:-48.50	d:43.62	DIR:2	Angle:4
[2020-07-05 10:09:07.764]   S0:107	S1:473	S2:277	t:111482	dt:20	p:-42.50	d:46.99	DIR:0	Angle:4
[2020-07-05 10:09:07.771]   S0:118	S1:712	S2:261	t:111512	dt:30	p:-36.00	d:44.65	DIR:0	Angle:8
[2020-07-05 10:09:07.791]   S0:129	S1:784	S2:250	t:111532	dt:20	p:-30.50	d:48.88	DIR:0	Angle:18
[2020-07-05 10:09:07.811]   S0:125	S1:731	S2:251	t:111552	dt:20	p:-31.50	d:27.84	DIR:2	Angle:3
[2020-07-05 10:09:07.849]   S0:126	S1:685	S2:253	t:111582	dt:30	p:-32.00	d:24.46	DIR:2	Angle:7
[2020-07-05 10:09:07.918]   S0:124	S1:663	S2:252	t:111602	dt:20	p:-32.00	d:17.43	DIR:2	Angle:14
[2020-07-05 10:09:07.932]   S0:125	S1:664	S2:251	t:111622	dt:20	p:-31.50	d:15.63	DIR:2	Angle:15
[2020-07-05 10:09:07.939]   S0:124	S1:659	S2:254	t:111652	dt:30	p:-32.50	d:8.80	DIR:2	Angle:23
[2020-07-05 10:09:07.944]   S0:124	S1:629	S2:259	t:111673	dt:21	p:-34.00	d:3.38	DIR:2	Angle:30
[2020-07-05 10:09:07.952]   S0:128	S1:606	S2:257	t:111694	dt:21	p:-32.50	d:8.82	DIR:2	Angle:23
[2020-07-05 10:09:07.982]   S0:126	S1:591	S2:259	t:111723	dt:29	p:-33.50	d:1.77	DIR:2	Angle:31
[2020-07-05 10:09:08.012]   S0:131	S1:598	S2:256	t:111744	dt:21	p:-31.50	d:9.88	DIR:2	Angle:21
[2020-07-05 10:09:08.032]   S0:132	S1:583	S2:260	t:111765	dt:21	p:-32.00	d:2.30	DIR:2	Angle:29
[2020-07-05 10:09:08.063]   S0:132	S1:562	S2:259	t:111794	dt:29	p:-32.00	d:4.06	DIR:2	Angle:27
[2020-07-05 10:09:08.072]   S0:125	S1:535	S2:263	t:111814	dt:20	p:-34.50	d:-6.22	DIR:2	Angle:40
[2020-07-05 10:09:08.129]   S0:121	S1:517	S2:256	t:111835	dt:21	p:-34.00	d:0.87	DIR:2	Angle:33
[2020-07-05 10:09:08.134]   S0:114	S1:517	S2:260	t:111865	dt:30	p:-36.50	d:-7.34	DIR:2	Angle:43
[2020-07-05 10:09:08.143]   S0:116	S1:522	S2:266	t:111885	dt:20	p:-37.50	d:-5.49	DIR:2	Angle:42
[2020-07-05 10:09:08.166]   S0:121	S1:509	S2:268	t:111905	dt:20	p:-37.00	d:-2.61	DIR:2	Angle:39
[2020-07-05 10:09:08.194]   S0:111	S1:493	S2:271	t:111935	dt:30	p:-40.00	d:-9.37	DIR:2	Angle:49
[2020-07-05 10:09:08.215]   S0:122	S1:495	S2:270	t:111955	dt:20	p:-37.00	d:6.01	DIR:2	Angle:30
[2020-07-05 10:09:08.271]   S0:122	S1:483	S2:270	t:111975	dt:20	p:-37.00	d:-1.12	DIR:2	Angle:38
[2020-07-05 10:09:08.295]   S0:136	S1:462	S2:271	t:112005	dt:30	p:-34.00	d:8.30	DIR:2	Angle:25
[2020-07-05 10:09:08.315]   S0:151	S1:458	S2:291	t:112026	dt:21	p:-35.00	d:-0.78	DIR:2	Angle:35
[2020-07-05 10:09:08.328]   S0:170	S1:454	S2:297	t:112046	dt:20	p:-32.00	d:12.50	DIR:2	Angle:19
[2020-07-05 10:09:08.344]   S0:190	S1:444	S2:320	t:112076	dt:30	p:-32.50	d:2.80	DIR:2	Angle:29
[2020-07-05 10:09:08.355]   S0:203	S1:440	S2:405	t:112096	dt:20	p:-50.50	d:-54.90	DIR:2	Angle:100
[2020-07-05 10:09:08.386]   S0:217	S1:420	S2:600	t:112116	dt:20	p:-96.00	d:-169.03	DIR:2	Angle:100
[2020-07-05 10:09:08.407]   S0:217	S1:410	S2:600	t:112146	dt:30	p:-96.00	d:-74.64	DIR:2	Angle:100
[2020-07-05 10:09:08.427]   S0:216	S1:398	S2:600	t:112166	dt:20	p:-96.00	d:-81.23	DIR:2	Angle:100
[2020-07-05 10:09:08.444]   S0:217	S1:404	S2:600	t:112186	dt:20	p:-96.00	d:-51.96	DIR:2	Angle:100
[2020-07-05 10:09:08.489]   S0:218	S1:402	S2:600	t:112216	dt:30	p:-95.50	d:-43.28	DIR:2	Angle:100
[2020-07-05 10:09:08.498]   S0:217	S1:391	S2:600	t:112236	dt:20	p:-96.00	d:-33.41	DIR:2	Angle:100
[2020-07-05 10:09:08.517]   S0:220	S1:367	S2:600	t:112257	dt:21	p:-95.00	d:-22.39	DIR:2	Angle:100
[2020-07-05 10:09:08.545]   S0:229	S1:387	S2:569	t:112286	dt:29	p:-85.00	d:4.39	DIR:2	Angle:80
[2020-07-05 10:09:08.574]   S0:241	S1:387	S2:270	t:112306	dt:20	p:-7.50	d:252.33	DIR:0	Angle:100
[2020-07-05 10:09:08.631]   S0:255	S1:394	S2:205	t:112336	dt:30	p:12.50	d:130.02	DIR:0	Angle:100
[2020-07-05 10:09:08.690]   S0:283	S1:414	S2:182	t:112356	dt:20	p:25.00	d:169.12	DIR:0	Angle:100
[2020-07-05 10:09:08.702]   S0:314	S1:439	S2:160	t:112376	dt:20	p:38.50	d:144.71	DIR:0	Angle:100
[2020-07-05 10:09:08.708]   S0:355	S1:434	S2:139	t:112406	dt:30	p:54.00	d:139.05	DIR:0	Angle:100
[2020-07-05 10:09:08.717]   S0:387	S1:444	S2:130	t:112426	dt:20	p:64.00	d:127.92	DIR:0	Angle:100
[2020-07-05 10:09:08.724]   S0:378	S1:418	S2:124	t:112446	dt:20	p:63.50	d:87.33	DIR:0	Angle:100
[2020-07-05 10:09:08.735]   S0:355	S1:403	S2:130	t:112476	dt:30	p:56.00	d:55.08	DIR:0	Angle:100
[2020-07-05 10:09:08.756]   S0:339	S1:379	S2:145	t:112496	dt:20	p:48.50	d:22.47	DIR:0	Angle:70
[2020-07-05 10:09:08.786]   S0:320	S1:350	S2:600	t:112526	dt:30	p:-70.00	d:-237.48	DIR:2	Angle:100
[2020-07-05 10:09:08.807]   S0:306	S1:323	S2:600	t:112546	dt:20	p:-73.50	d:-83.34	DIR:2	Angle:100
[2020-07-05 10:09:08.825]   S0:290	S1:295	S2:600	t:112566	dt:20	p:-77.50	d:-120.27	DIR:2	Angle:100
[2020-07-05 10:09:08.849]   S0:264	S1:271	S2:600	t:112587	dt:21	p:-84.00	d:-88.51	DIR:2	Angle:100
[2020-07-05 10:09:08.875]   S0:239	S1:246	S2:600	t:112616	dt:29	p:-90.50	d:-84.54	DIR:2	Angle:100
[2020-07-05 10:09:08.895]   S0:226	S1:229	S2:600	t:112636	dt:20	p:-93.50	d:-67.68	DIR:2	Angle:100
[2020-07-05 10:09:08.924]   S0:216	S1:214	S2:600	t:112657	dt:21	p:-96.00	d:-58.68	DIR:2	Angle:100
[2020-07-05 10:09:08.945]   S0:207	S1:197	S2:600	t:112686	dt:29	p:-98.50	d:-47.87	DIR:2	Angle:100
[2020-07-05 10:09:08.987]   S0:193	S1:185	S2:600	t:112706	dt:20	p:-102.00	d:-47.18	DIR:2	Angle:100
[2020-07-05 10:09:09.017]   S0:186	S1:176	S2:600	t:112736	dt:30	p:-103.50	d:-35.02	DIR:2	Angle:100
[2020-07-05 10:09:09.022]   S0:177	S1:171	S2:593	t:112756	dt:20	p:-104.00	d:-29.07	DIR:2	Angle:100
[2020-07-05 10:09:09.036]   S0:159	S1:154	S2:581	t:112776	dt:20	p:-105.50	d:-26.36	DIR:2	Angle:100
[2020-07-05 10:09:09.064]   S0:145	S1:145	S2:576	t:112806	dt:30	p:-108.00	d:-24.03	DIR:2	Angle:100
[2020-07-05 10:09:09.132]   S0:139	S1:167	S2:592	t:112826	dt:20	p:-113.50	d:-35.13	DIR:2	Angle:100
[2020-07-05 10:09:09.142]   S0:132	S1:168	S2:600	t:112846	dt:20	p:-117.00	d:-31.39	DIR:2	Angle:100
[2020-07-05 10:09:09.161]   S0:123	S1:161	S2:600	t:112876	dt:30	p:-119.50	d:-27.73	DIR:2	Angle:100
[2020-07-05 10:09:09.177]   S0:113	S1:158	S2:600	t:112896	dt:20	p:-122.00	d:-28.04	DIR:2	Angle:100
[2020-07-05 10:09:09.194]   S0:108	S1:166	S2:600	t:112916	dt:20	p:-123.00	d:-21.92	DIR:2	Angle:100
[2020-07-05 10:09:09.216]   S0:104	S1:174	S2:600	t:112946	dt:30	p:-124.00	d:-18.88	DIR:2	Angle:100
[2020-07-05 10:09:09.224]   S0:95	S1:180	S2:600	t:112966	dt:20	p:-126.50	d:-21.93	DIR:2	Angle:100
[2020-07-05 10:09:09.245]   S0:94	S1:187	S2:600	t:112986	dt:20	p:-126.50	d:-13.60	DIR:2	Angle:100
[2020-07-05 10:09:09.279]   S0:92	S1:186	S2:600	t:113016	dt:30	p:-127.00	d:-12.96	DIR:2	Angle:100
[2020-07-05 10:09:09.294]   S0:95	S1:201	S2:600	t:113036	dt:20	p:-126.50	d:-7.19	DIR:2	Angle:100
[2020-07-05 10:09:09.337]   S0:95	S1:208	S2:511	t:113066	dt:30	p:-104.00	d:43.29	DIR:2	Angle:60
[2020-07-05 10:09:09.389]   S0:105	S1:226	S2:306	t:113086	dt:20	p:-50.50	d:190.37	DIR:0	Angle:100
[2020-07-05 10:09:09.400]   S0:110	S1:248	S2:279	t:113106	dt:20	p:-42.50	d:104.55	DIR:0	Angle:62
[2020-07-05 10:09:09.407]   S0:116	S1:300	S2:260	t:113136	dt:30	p:-36.00	d:112.75	DIR:0	Angle:76
[2020-07-05 10:09:09.418]   S0:123	S1:334	S2:244	t:113156	dt:20	p:-30.50	d:90.77	DIR:0	Angle:60
[2020-07-05 10:09:09.434]   S0:126	S1:352	S2:227	t:113176	dt:20	p:-25.50	d:84.51	DIR:0	Angle:59
[2020-07-05 10:09:09.464]   S0:126	S1:352	S2:225	t:113206	dt:30	p:-25.00	d:59.54	DIR:0	Angle:34
[2020-07-05 10:09:09.485]   S0:127	S1:336	S2:232	t:113226	dt:20	p:-26.50	d:43.01	DIR:0	Angle:16
[2020-07-05 10:09:09.505]   S0:118	S1:305	S2:249	t:113246	dt:20	p:-33.00	d:12.52	DIR:2	Angle:20
[2020-07-05 10:09:09.534]   S0:112	S1:275	S2:275	t:113276	dt:30	p:-41.00	d:0.73	DIR:2	Angle:40
[2020-07-05 10:09:09.554]   S0:100	S1:240	S2:314	t:113296	dt:20	p:-53.50	d:-37.25	DIR:2	Angle:90
[2020-07-05 10:09:09.574]   S0:87	S1:204	S2:339	t:113316	dt:20	p:-63.00	d:-43.84	DIR:2	Angle:100
[2020-07-05 10:09:09.609]   S0:77	S1:185	S2:350	t:113346	dt:30	p:-68.50	d:-39.25	DIR:2	Angle:100
[2020-07-05 10:09:09.665]   S0:70	S1:169	S2:483	t:113366	dt:20	p:-103.50	d:-144.36	DIR:2	Angle:100
[2020-07-05 10:09:09.674]   S0:70	S1:178	S2:367	t:113386	dt:20	p:-74.50	d:35.46	DIR:2	Angle:39
[2020-07-05 10:09:09.684]   S0:70	S1:184	S2:379	t:113416	dt:30	p:-77.50	d:-42.97	DIR:2	Angle:100
[2020-07-05 10:09:10.017]   S0:70	S1:192	S2:364	t:113436	dt:20	p:-73.50	d:10.83	DIR:2	Angle:62
[2020-07-05 10:09:10.045]   S0:70	S1:218	S2:338	t:113457	dt:21	p:-67.00	d:9.92	DIR:2	Angle:57
[2020-07-05 10:09:10.052]   S0:70	S1:223	S2:317	t:113486	dt:29	p:-62.00	d:18.41	DIR:2	Angle:43
[2020-07-05 10:09:10.113]   S0:70	S1:228	S2:308	t:113506	dt:20	p:-59.50	d:17.78	DIR:2	Angle:41
[2020-07-05 10:09:10.119]   S0:79	S1:247	S2:297	t:113526	dt:20	p:-54.50	d:28.73	DIR:2	Angle:25
[2020-07-05 10:09:10.125]   S0:70	S1:275	S2:287	t:113556	dt:30	p:-54.50	d:15.50	DIR:2	Angle:38
[2020-07-05 10:09:10.130]   S0:85	S1:319	S2:277	t:113576	dt:20	p:-48.00	d:36.41	DIR:2	Angle:11
[2020-07-05 10:09:10.134]   S0:94	S1:333	S2:265	t:113606	dt:30	p:-43.00	d:28.42	DIR:2	Angle:14
[2020-07-05 10:09:10.139]   S0:76	S1:327	S2:267	t:113626	dt:20	p:-48.00	d:4.94	DIR:2	Angle:43
[2020-07-05 10:09:10.147]   S0:80	S1:330	S2:268	t:113646	dt:20	p:-47.00	d:14.45	DIR:2	Angle:32
[2020-07-05 10:09:10.153]   S0:80	S1:323	S2:271	t:113676	dt:30	p:-48.00	d:4.24	DIR:2	Angle:43
[2020-07-05 10:09:10.158]   S0:85	S1:327	S2:271	t:113696	dt:20	p:-46.50	d:11.23	DIR:2	Angle:35
[2020-07-05 10:09:10.170]   S0:86	S1:330	S2:265	t:113716	dt:20	p:-45.00	d:10.16	DIR:2	Angle:34
[2020-07-05 10:09:10.170]   S0:75	S1:332	S2:265	t:113746	dt:30	p:-47.50	d:1.57	DIR:2	Angle:45
[2020-07-05 10:09:10.178]   S0:70	S1:334	S2:260	t:113766	dt:20	p:-47.50	d:3.91	DIR:2	Angle:43
[2020-07-05 10:09:10.180]   S0:88	S1:355	S2:250	t:113796	dt:30	p:-40.50	d:17.38	DIR:2	Angle:23
[2020-07-05 10:09:10.193]   S0:92	S1:387	S2:239	t:113816	dt:20	p:-37.00	d:18.76	DIR:2	Angle:18
[2020-07-05 10:09:10.196]   S0:87	S1:394	S2:237	t:113846	dt:30	p:-37.50	d:10.94	DIR:2	Angle:26
[2020-07-05 10:09:10.204]   S0:99	S1:424	S2:228	t:113887	dt:41	p:-32.50	d:18.03	DIR:2	Angle:14
[2020-07-05 10:09:10.219]   S0:106	S1:500	S2:224	t:113917	dt:30	p:-29.50	d:16.32	DIR:2	Angle:13
[2020-07-05 10:09:10.253]   S0:113	S1:554	S2:221	t:113937	dt:20	p:-27.00	d:19.78	DIR:2	Angle:7
[2020-07-05 10:09:10.277]   S0:115	S1:567	S2:224	t:113957	dt:20	p:-27.50	d:10.37	DIR:2	Angle:17
[2020-07-05 10:09:10.287]   S0:120	S1:582	S2:220	t:113977	dt:20	p:-25.00	d:18.38	DIR:2	Angle:6
[2020-07-05 10:09:10.300]   S0:120	S1:575	S2:223	t:114007	dt:30	p:-26.00	d:7.36	DIR:2	Angle:18
[2020-07-05 10:09:10.314]   S0:127	S1:562	S2:226	t:114027	dt:20	p:-25.00	d:11.92	DIR:2	Angle:13
[2020-07-05 10:09:10.326]   S0:129	S1:554	S2:232	t:114048	dt:21	p:-26.00	d:3.25	DIR:2	Angle:22
[2020-07-05 10:09:10.336]   S0:128	S1:537	S2:244	t:114077	dt:29	p:-29.00	d:-1.84	DIR:2	Angle:30
[2020-07-05 10:09:10.355]   S0:131	S1:527	S2:265	t:114097	dt:20	p:-33.50	d:-14.53	DIR:2	Angle:48
[2020-07-05 10:09:10.406]   S0:133	S1:500	S2:310	t:114117	dt:20	p:-44.50	d:-42.12	DIR:2	Angle:86
[2020-07-05 10:09:10.493]   S0:125	S1:455	S2:499	t:114147	dt:30	p:-93.50	d:-127.77	DIR:2	Angle:100
[2020-07-05 10:09:10.529]   S0:139	S1:436	S2:600	t:114168	dt:21	p:-115.50	d:-126.47	DIR:2	Angle:100
[2020-07-05 10:09:10.543]   S0:149	S1:432	S2:600	t:114188	dt:20	p:-113.00	d:-76.42	DIR:2	Angle:100
[2020-07-05 10:09:10.550]   S0:161	S1:419	S2:600	t:114218	dt:30	p:-110.00	d:-60.96	DIR:2	Angle:100
[2020-07-05 10:09:10.560]   S0:175	S1:447	S2:600	t:114238	dt:20	p:-106.50	d:-34.13	DIR:2	Angle:100
[2020-07-05 10:09:10.567]   S0:191	S1:496	S2:600	t:114258	dt:20	p:-102.50	d:-18.36	DIR:2	Angle:100
[2020-07-05 10:09:10.593]   S0:208	S1:453	S2:600	t:114288	dt:30	p:-98.00	d:-7.50	DIR:2	Angle:100
[2020-07-05 10:09:10.642]   S0:230	S1:417	S2:348	t:114309	dt:21	p:-29.50	d:208.84	DIR:0	Angle:100
[2020-07-05 10:09:10.663]   S0:255	S1:429	S2:220	t:114329	dt:20	p:8.50	d:193.78	DIR:0	Angle:100
[2020-07-05 10:09:10.680]   S0:278	S1:465	S2:185	t:114359	dt:30	p:23.00	d:166.43	DIR:0	Angle:100
[2020-07-05 10:09:10.689]   S0:299	S1:490	S2:164	t:114379	dt:20	p:33.50	d:155.07	DIR:0	Angle:100
[2020-07-05 10:09:10.699]   S0:330	S1:503	S2:149	t:114399	dt:20	p:45.00	d:145.50	DIR:0	Angle:100
[2020-07-05 10:09:10.712]   S0:333	S1:521	S2:132	t:114430	dt:31	p:50.00	d:110.94	DIR:0	Angle:100
[2020-07-05 10:09:10.719]   S0:339	S1:520	S2:120	t:114450	dt:20	p:54.50	d:100.48	DIR:0	Angle:100
[2020-07-05 10:09:10.732]   S0:342	S1:509	S2:123	t:114470	dt:20	p:54.50	d:70.47	DIR:0	Angle:100
[2020-07-05 10:09:10.773]   S0:325	S1:483	S2:127	t:114500	dt:30	p:49.50	d:45.87	DIR:0	Angle:95
[2020-07-05 10:09:10.781]   S0:313	S1:449	S2:145	t:114520	dt:20	p:42.00	d:13.78	DIR:0	Angle:55
[2020-07-05 10:09:10.820]   S0:299	S1:410	S2:389	t:114540	dt:20	p:-22.50	d:-195.11	DIR:2	Angle:100
[2020-07-05 10:09:10.850]   S0:284	S1:365	S2:600	t:114570	dt:30	p:-79.00	d:-186.00	DIR:2	Angle:100
[2020-07-05 10:09:10.859]   S0:271	S1:334	S2:600	t:114590	dt:20	p:-82.50	d:-138.70	DIR:2	Angle:100
[2020-07-05 10:09:10.869]   S0:260	S1:306	S2:600	t:114611	dt:21	p:-85.00	d:-116.17	DIR:2	Angle:100
[2020-07-05 10:09:10.904]   S0:253	S1:272	S2:600	t:114640	dt:29	p:-87.00	d:-89.56	DIR:2	Angle:100
[2020-07-05 10:09:10.918]   S0:242	S1:251	S2:600	t:114660	dt:20	p:-89.50	d:-76.91	DIR:2	Angle:100
[2020-07-05 10:09:11.055]   S0:226	S1:234	S2:600	t:114690	dt:30	p:-93.50	d:-64.38	DIR:2	Angle:100
[2020-07-05 10:09:11.061]   S0:212	S1:223	S2:600	t:114710	dt:20	p:-97.00	d:-58.76	DIR:2	Angle:100
[2020-07-05 10:09:11.069]   S0:205	S1:213	S2:600	t:114730	dt:20	p:-99.00	d:-47.71	DIR:2	Angle:100
[2020-07-05 10:09:11.077]   S0:188	S1:206	S2:600	t:114760	dt:30	p:-103.00	d:-44.38	DIR:2	Angle:100
[2020-07-05 10:09:11.084]   S0:176	S1:200	S2:600	t:114780	dt:20	p:-106.00	d:-40.70	DIR:2	Angle:100
[2020-07-05 10:09:11.092]   S0:168	S1:195	S2:600	t:114800	dt:20	p:-108.00	d:-35.03	DIR:2	Angle:100
[2020-07-05 10:09:11.099]   S0:161	S1:190	S2:600	t:114830	dt:30	p:-110.00	d:-29.69	DIR:2	Angle:100
[2020-07-05 10:09:11.110]   S0:150	S1:179	S2:600	t:114850	dt:20	p:-112.50	d:-29.90	DIR:2	Angle:100
[2020-07-05 10:09:11.129]   S0:140	S1:200	S2:600	t:114870	dt:20	p:-115.00	d:-28.20	DIR:2	Angle:100
[2020-07-05 10:09:11.160]   S0:130	S1:199	S2:600	t:114900	dt:30	p:-117.50	d:-24.92	DIR:2	Angle:100
[2020-07-05 10:09:11.245]   S0:127	S1:196	S2:600	t:114920	dt:20	p:-118.50	d:-21.04	DIR:2	Angle:100
[2020-07-05 10:09:11.272]   S0:130	S1:202	S2:600	t:114940	dt:20	p:-117.50	d:-11.99	DIR:2	Angle:100
[2020-07-05 10:09:11.289]   S0:128	S1:212	S2:600	t:114970	dt:30	p:-118.00	d:-12.12	DIR:2	Angle:100
[2020-07-05 10:09:11.297]   S0:123	S1:220	S2:600	t:114990	dt:20	p:-119.50	d:-13.04	DIR:2	Angle:100
[2020-07-05 10:09:11.302]   S0:121	S1:233	S2:600	t:115010	dt:20	p:-120.00	d:-10.05	DIR:2	Angle:100
[2020-07-05 10:09:11.310]   S0:120	S1:241	S2:600	t:115040	dt:30	p:-120.00	d:-7.70	DIR:2	Angle:100
[2020-07-05 10:09:11.319]   S0:118	S1:248	S2:600	t:115060	dt:20	p:-120.50	d:-7.58	DIR:2	Angle:100
[2020-07-05 10:09:11.339]   S0:123	S1:266	S2:600	t:115080	dt:20	p:-119.50	d:-1.76	DIR:2	Angle:100
[2020-07-05 10:09:11.369]   S0:126	S1:303	S2:600	t:115110	dt:30	p:-118.50	d:-0.89	DIR:2	Angle:100
[2020-07-05 10:09:11.388]   S0:132	S1:325	S2:600	t:115130	dt:20	p:-117.00	d:4.12	DIR:2	Angle:100
[2020-07-05 10:09:11.410]   S0:138	S1:336	S2:249	t:115150	dt:20	p:-28.00	d:297.74	DIR:0	Angle:100
[2020-07-05 10:09:11.438]   S0:146	S1:360	S2:269	t:115180	dt:30	p:-31.00	d:93.95	DIR:0	Angle:62
[2020-07-05 10:09:11.460]   S0:163	S1:380	S2:255	t:115200	dt:20	p:-23.00	d:157.23	DIR:0	Angle:100
[2020-07-05 10:09:11.479]   S0:174	S1:416	S2:236	t:115220	dt:20	p:-15.50	d:108.73	DIR:0	Angle:93
[2020-07-05 10:09:11.508]   S0:174	S1:441	S2:219	t:115250	dt:30	p:-11.50	d:97.54	DIR:0	Angle:86
[2020-07-05 10:09:11.537]   S0:183	S1:449	S2:205	t:115270	dt:20	p:-5.50	d:88.76	DIR:0	Angle:83
[2020-07-05 10:09:11.566]   S0:172	S1:436	S2:205	t:115290	dt:20	p:-8.50	d:52.10	DIR:0	Angle:43
[2020-07-05 10:09:11.594]   S0:160	S1:411	S2:207	t:115320	dt:30	p:-12.00	d:39.17	DIR:0	Angle:27
[2020-07-05 10:09:11.599]   S0:154	S1:370	S2:236	t:115340	dt:20	p:-20.50	d:2.09	DIR:2	Angle:18
[2020-07-05 10:09:11.618]   S0:143	S1:326	S2:261	t:115360	dt:20	p:-29.50	d:-16.24	DIR:2	Angle:45
[2020-07-05 10:09:11.648]   S0:130	S1:288	S2:600	t:115390	dt:30	p:-117.50	d:-200.27	DIR:2	Angle:100
[2020-07-05 10:09:11.676]   S0:122	S1:250	S2:600	t:115410	dt:20	p:-119.50	d:-78.84	DIR:2	Angle:100
[2020-07-05 10:09:11.698]   S0:118	S1:223	S2:600	t:115440	dt:30	p:-120.50	d:-95.26	DIR:2	Angle:100
[2020-07-05 10:09:11.718]   S0:115	S1:220	S2:600	t:115460	dt:20	p:-121.50	d:-61.37	DIR:2	Angle:100
[2020-07-05 10:09:11.738]   S0:107	S1:226	S2:600	t:115480	dt:20	p:-123.50	d:-58.88	DIR:2	Angle:100
[2020-07-05 10:09:11.769]   S0:99	S1:223	S2:600	t:115510	dt:30	p:-125.50	d:-44.53	DIR:2	Angle:100
[2020-07-05 10:09:11.789]   S0:96	S1:237	S2:600	t:115530	dt:20	p:-126.00	d:-36.13	DIR:2	Angle:100
[2020-07-05 10:09:11.810]   S0:98	S1:253	S2:503	t:115550	dt:20	p:-101.50	d:54.78	DIR:2	Angle:46
[2020-07-05 10:09:11.838]   S0:105	S1:271	S2:415	t:115580	dt:30	p:-77.50	d:59.55	DIR:2	Angle:17
[2020-07-05 10:09:11.860]   S0:113	S1:285	S2:390	t:115600	dt:20	p:-69.50	d:64.78	DIR:2	Angle:4
[2020-07-05 10:09:11.879]   S0:111	S1:302	S2:358	t:115620	dt:20	p:-62.00	d:66.44	DIR:0	Angle:4
[2020-07-05 10:09:11.951]   S0:126	S1:324	S2:330	t:115650	dt:30	p:-51.00	d:68.18	DIR:0	Angle:17
[2020-07-05 10:09:11.959]   S0:129	S1:337	S2:314	t:115670	dt:20	p:-46.50	d:59.88	DIR:0	Angle:13
[2020-07-05 10:09:11.964]   S0:127	S1:328	S2:319	t:115690	dt:20	p:-48.00	d:37.69	DIR:2	Angle:10
[2020-07-05 10:09:11.982]   S0:120	S1:310	S2:334	t:115721	dt:31	p:-53.50	d:20.69	DIR:2	Angle:32
[2020-07-05 10:09:11.997]   S0:117	S1:288	S2:359	t:115741	dt:20	p:-60.50	d:-3.87	DIR:2	Angle:64
[2020-07-05 10:09:12.020]   S0:106	S1:263	S2:378	t:115761	dt:20	p:-68.00	d:-19.39	DIR:2	Angle:87
[2020-07-05 10:09:12.054]   S0:97	S1:245	S2:403	t:115791	dt:30	p:-76.50	d:-26.64	DIR:2	Angle:100
[2020-07-05 10:09:12.071]   S0:92	S1:240	S2:423	t:115811	dt:20	p:-83.00	d:-37.01	DIR:2	Angle:100
[2020-07-05 10:09:12.095]   S0:100	S1:235	S2:438	t:115831	dt:20	p:-84.50	d:-26.22	DIR:2	Angle:100
[2020-07-05 10:09:12.173]   S0:89	S1:235	S2:449	t:115861	dt:30	p:-90.00	d:-33.30	DIR:2	Angle:100
[2020-07-05 10:09:12.181]   S0:87	S1:248	S2:448	t:115881	dt:20	p:-90.50	d:-21.51	DIR:2	Angle:100
[2020-07-05 10:09:12.198]   S0:89	S1:279	S2:416	t:115902	dt:21	p:-82.00	d:8.72	DIR:2	Angle:73
[2020-07-05 10:09:12.211]   S0:90	S1:307	S2:373	t:115931	dt:29	p:-71.00	d:21.02	DIR:2	Angle:49
[2020-07-05 10:09:12.218]   S0:95	S1:318	S2:325	t:115951	dt:20	p:-57.50	d:54.91	DIR:2	Angle:2
[2020-07-05 10:09:12.230]   S0:106	S1:343	S2:305	t:115972	dt:21	p:-50.00	d:49.12	DIR:1	Angle:0
[2020-07-05 10:09:12.268]   S0:112	S1:404	S2:290	t:116001	dt:29	p:-44.50	d:47.32	DIR:0	Angle:2
[2020-07-05 10:09:12.298]   S0:113	S1:520	S2:260	t:116021	dt:20	p:-37.00	d:57.15	DIR:0	Angle:20
[2020-07-05 10:09:12.357]   S0:130	S1:661	S2:258	t:116051	dt:30	p:-32.00	d:45.93	DIR:0	Angle:13
[2020-07-05 10:09:12.377]   S0:128	S1:698	S2:249	t:116071	dt:20	p:-30.50	d:39.36	DIR:0	Angle:8
[2020-07-05 10:09:12.396]   S0:128	S1:687	S2:248	t:116091	dt:20	p:-30.00	d:30.10	DIR:1	Angle:0
[2020-07-05 10:09:12.409]   S0:123	S1:655	S2:257	t:116121	dt:30	p:-33.50	d:15.38	DIR:2	Angle:18
[2020-07-05 10:09:12.427]   S0:118	S1:622	S2:271	t:116141	dt:20	p:-38.50	d:-1.51	DIR:2	Angle:40
[2020-07-05 10:09:12.477]   S0:118	S1:546	S2:271	t:116161	dt:20	p:-38.50	d:4.62	DIR:2	Angle:33
[2020-07-05 10:09:12.527]   S0:114	S1:534	S2:276	t:116191	dt:30	p:-40.50	d:-3.41	DIR:2	Angle:43
[2020-07-05 10:09:12.534]   S0:116	S1:543	S2:278	t:116211	dt:20	p:-40.50	d:0.41	DIR:2	Angle:40
[2020-07-05 10:09:12.543]   S0:122	S1:561	S2:269	t:116232	dt:21	p:-37.00	d:10.11	DIR:2	Angle:26
[2020-07-05 10:09:12.589]   S0:124	S1:576	S2:265	t:116261	dt:29	p:-35.50	d:6.95	DIR:2	Angle:28
[2020-07-05 10:09:12.609]   S0:130	S1:571	S2:260	t:116281	dt:20	p:-32.50	d:15.69	DIR:2	Angle:16
[2020-07-05 10:09:12.616]   S0:130	S1:565	S2:249	t:116301	dt:20	p:-30.00	d:15.88	DIR:2	Angle:14
[2020-07-05 10:09:12.626]   S0:124	S1:603	S2:245	t:116331	dt:30	p:-30.50	d:9.41	DIR:2	Angle:21
[2020-07-05 10:09:12.688]   S0:117	S1:609	S2:240	t:116351	dt:20	p:-31.00	d:6.76	DIR:2	Angle:24
[2020-07-05 10:09:12.697]   S0:124	S1:590	S2:238	t:116372	dt:21	p:-28.50	d:13.33	DIR:2	Angle:15
[2020-07-05 10:09:12.703]   S0:131	S1:561	S2:242	t:116401	dt:29	p:-28.00	d:7.85	DIR:2	Angle:20
[2020-07-05 10:09:12.713]   S0:127	S1:545	S2:243	t:116421	dt:20	p:-29.00	d:3.73	DIR:2	Angle:25
[2020-07-05 10:09:12.729]   S0:131	S1:530	S2:245	t:116451	dt:30	p:-28.50	d:4.97	DIR:2	Angle:23
[2020-07-05 10:09:12.737]   S0:128	S1:504	S2:248	t:116471	dt:20	p:-30.00	d:-2.10	DIR:2	Angle:32
[2020-07-05 10:09:12.755]   S0:133	S1:475	S2:266	t:116491	dt:20	p:-33.50	d:-10.71	DIR:2	Angle:44
[2020-07-05 10:09:12.779]   S0:144	S1:462	S2:293	t:116521	dt:30	p:-37.50	d:-13.16	DIR:2	Angle:50
[2020-07-05 10:09:12.802]   S0:154	S1:451	S2:322	t:116541	dt:20	p:-42.00	d:-22.96	DIR:2	Angle:64
[2020-07-05 10:09:12.820]   S0:164	S1:429	S2:469	t:116561	dt:20	p:-76.50	d:-127.04	DIR:2	Angle:100
[2020-07-05 10:09:12.849]   S0:182	S1:425	S2:600	t:116591	dt:30	p:-104.50	d:-112.22	DIR:2	Angle:100
[2020-07-05 10:09:12.869]   S0:193	S1:417	S2:600	t:116611	dt:20	p:-102.00	d:-71.42	DIR:2	Angle:100
[2020-07-05 10:09:12.892]   S0:212	S1:430	S2:600	t:116631	dt:20	p:-97.00	d:-44.55	DIR:2	Angle:100
[2020-07-05 10:09:12.920]   S0:229	S1:444	S2:600	t:116661	dt:30	p:-93.00	d:-29.77	DIR:2	Angle:100
[2020-07-05 10:09:12.948]   S0:239	S1:446	S2:458	t:116681	dt:20	p:-55.00	d:101.90	DIR:0	Angle:46
[2020-07-05 10:09:12.975]   S0:243	S1:440	S2:304	t:116701	dt:20	p:-15.50	d:155.71	DIR:0	Angle:100
[2020-07-05 10:09:12.992]   S0:238	S1:402	S2:260	t:116731	dt:30	p:-5.50	d:108.09	DIR:0	Angle:100
[2020-07-05 10:09:13.022]   S0:256	S1:414	S2:214	t:116751	dt:20	p:10.50	d:141.27	DIR:0	Angle:100
[2020-07-05 10:09:13.067]   S0:273	S1:430	S2:185	t:116772	dt:21	p:22.00	d:119.63	DIR:0	Angle:100
[2020-07-05 10:09:13.078]   S0:284	S1:426	S2:173	t:116801	dt:29	p:27.50	d:99.61	DIR:0	Angle:100
[2020-07-05 10:09:13.143]   S0:280	S1:400	S2:214	t:116821	dt:20	p:16.50	d:36.41	DIR:0	Angle:52
[2020-07-05 10:09:13.151]   S0:260	S1:383	S2:600	t:116851	dt:30	p:-85.00	d:-180.22	DIR:2	Angle:100
[2020-07-05 10:09:13.162]   S0:241	S1:355	S2:600	t:116871	dt:20	p:-90.00	d:-64.60	DIR:2	Angle:100
[2020-07-05 10:09:13.174]   S0:226	S1:320	S2:600	t:116891	dt:20	p:-93.50	d:-93.27	DIR:2	Angle:100
[2020-07-05 10:09:13.183]   S0:205	S1:299	S2:600	t:116921	dt:30	p:-99.00	d:-64.85	DIR:2	Angle:100
[2020-07-05 10:09:13.209]   S0:191	S1:279	S2:600	t:116941	dt:20	p:-102.50	d:-64.37	DIR:2	Angle:100
[2020-07-05 10:09:13.219]   S0:184	S1:259	S2:600	t:116961	dt:20	p:-104.00	d:-48.07	DIR:2	Angle:100
[2020-07-05 10:09:13.249]   S0:170	S1:252	S2:600	t:116991	dt:30	p:-107.50	d:-45.26	DIR:2	Angle:100
[2020-07-05 10:09:13.270]   S0:170	S1:243	S2:600	t:117011	dt:20	p:-107.50	d:-31.11	DIR:2	Angle:100
[2020-07-05 10:09:13.292]   S0:161	S1:230	S2:600	t:117031	dt:20	p:-110.00	d:-33.79	DIR:2	Angle:100
[2020-07-05 10:09:13.328]   S0:158	S1:226	S2:600	t:117061	dt:30	p:-110.50	d:-22.74	DIR:2	Angle:100
[2020-07-05 10:09:13.391]   S0:158	S1:221	S2:600	t:117081	dt:20	p:-110.50	d:-18.85	DIR:2	Angle:100
[2020-07-05 10:09:13.433]   S0:159	S1:221	S2:600	t:117101	dt:20	p:-110.50	d:-13.86	DIR:2	Angle:100
[2020-07-05 10:09:13.446]   S0:165	S1:220	S2:600	t:117131	dt:30	p:-109.00	d:-7.57	DIR:2	Angle:100
[2020-07-05 10:09:13.467]   S0:161	S1:215	S2:600	t:117151	dt:20	p:-110.00	d:-10.48	DIR:2	Angle:100
[2020-07-05 10:09:13.508]   S0:161	S1:212	S2:600	t:117171	dt:20	p:-110.00	d:-6.02	DIR:2	Angle:100
[2020-07-05 10:09:13.548]   S0:154	S1:219	S2:600	t:117201	dt:30	p:-111.50	d:-8.83	DIR:2	Angle:100
[2020-07-05 10:09:13.633]   S0:161	S1:218	S2:600	t:117221	dt:20	p:-110.00	d:0.05	DIR:2	Angle:100
[2020-07-05 10:09:13.642]   S0:152	S1:211	S2:600	t:117242	dt:21	p:-112.00	d:-9.28	DIR:2	Angle:100
[2020-07-05 10:09:13.655]   S0:147	S1:220	S2:600	t:117271	dt:29	p:-113.50	d:-6.52	DIR:2	Angle:100
[2020-07-05 10:09:13.667]   S0:145	S1:231	S2:600	t:117291	dt:20	p:-114.00	d:-6.93	DIR:2	Angle:100
[2020-07-05 10:09:13.682]   S0:150	S1:236	S2:600	t:117321	dt:30	p:-112.50	d:-1.15	DIR:2	Angle:100
[2020-07-05 10:09:13.717]   S0:152	S1:243	S2:600	t:117341	dt:20	p:-112.00	d:-1.03	DIR:2	Angle:100
[2020-07-05 10:09:13.935]   S0:146	S1:248	S2:600	t:117361	dt:20	p:-113.50	d:-5.73	DIR:2	Angle:100
[2020-07-05 10:09:13.998]   S0:146	S1:256	S2:600	t:117391	dt:30	p:-113.50	d:-2.25	DIR:2	Angle:100
[2020-07-05 10:09:14.095]   S0:153	S1:272	S2:600	t:117411	dt:20	p:-112.00	d:2.34	DIR:2	Angle:100
[2020-07-05 10:09:14.163]   S0:152	S1:277	S2:357	t:117431	dt:20	p:-51.50	d:201.70	DIR:0	Angle:100
[2020-07-05 10:09:14.168]   S0:151	S1:280	S2:260	t:117461	dt:30	p:-27.50	d:121.35	DIR:0	Angle:93
[2020-07-05 10:09:14.176]   S0:152	S1:286	S2:267	t:117481	dt:20	p:-29.00	d:102.68	DIR:0	Angle:73
[2020-07-05 10:09:14.180]   S0:164	S1:288	S2:260	t:117501	dt:20	p:-24.00	d:91.34	DIR:0	Angle:67
[2020-07-05 10:09:14.191]   S0:160	S1:296	S2:247	t:117531	dt:30	p:-22.00	d:69.12	DIR:0	Angle:47
[2020-07-05 10:09:14.197]   S0:165	S1:299	S2:241	t:117551	dt:20	p:-19.00	d:63.49	DIR:0	Angle:44
[2020-07-05 10:09:14.204]   S0:161	S1:285	S2:247	t:117571	dt:20	p:-21.50	d:35.87	DIR:0	Angle:14
[2020-07-05 10:09:14.211]   S0:152	S1:264	S2:266	t:117601	dt:30	p:-28.50	d:17.56	DIR:2	Angle:10
[2020-07-05 10:09:14.252]   S0:146	S1:245	S2:600	t:117621	dt:20	p:-113.50	d:-265.52	DIR:2	Angle:100
[2020-07-05 10:09:14.263]   S0:137	S1:226	S2:600	t:117642	dt:21	p:-116.00	d:-90.59	DIR:2	Angle:100
[2020-07-05 10:09:14.275]   S0:131	S1:212	S2:600	t:117671	dt:29	p:-117.50	d:-122.15	DIR:2	Angle:100
[2020-07-05 10:09:14.280]   S0:127	S1:199	S2:600	t:117691	dt:20	p:-118.50	d:-74.25	DIR:2	Angle:100
[2020-07-05 10:09:14.292]   S0:122	S1:193	S2:600	t:117721	dt:30	p:-119.50	d:-67.69	DIR:2	Angle:100
[2020-07-05 10:09:14.292]   S0:121	S1:192	S2:600	t:117741	dt:20	p:-120.00	d:-48.98	DIR:2	Angle:100
[2020-07-05 10:09:14.300]   S0:124	S1:323	S2:226	t:117891	dt:150	p:-25.50	d:3.11	DIR:2	Angle:22
[2020-07-05 10:09:14.324]   S0:126	S1:338	S2:209	t:117911	dt:20	p:-21.00	d:-0.29	DIR:2	Angle:21
[2020-07-05 10:09:14.345]   S0:132	S1:353	S2:195	t:117942	dt:31	p:-16.00	d:11.69	DIR:2	Angle:4
[2020-07-05 10:09:14.398]   S0:139	S1:368	S2:178	t:117962	dt:20	p:-10.00	d:23.80	DIR:0	Angle:13
[2020-07-05 10:09:14.594]   S0:144	S1:406	S2:167	t:117982	dt:20	p:-6.00	d:25.16	DIR:0	Angle:19
[2020-07-05 10:09:14.663]   S0:148	S1:397	S2:158	t:118002	dt:20	p:-2.50	d:27.99	DIR:0	Angle:25
[2020-07-05 10:09:14.675]   S0:153	S1:395	S2:157	t:118022	dt:20	p:-1.00	d:22.72	DIR:0	Angle:21
[2020-07-05 10:09:14.685]   S0:155	S1:390	S2:158	t:118042	dt:20	p:-1.00	d:16.90	DIR:0	Angle:15
[2020-07-05 10:09:14.692]   S0:153	S1:391	S2:162	t:118072	dt:30	p:-2.50	d:9.87	DIR:0	Angle:7
[2020-07-05 10:09:14.698]   S0:154	S1:389	S2:174	t:118092	dt:20	p:-5.00	d:0.59	DIR:2	Angle:4
[2020-07-05 10:09:14.705]   S0:148	S1:396	S2:184	t:118112	dt:20	p:-9.00	d:-9.84	DIR:2	Angle:18
[2020-07-05 10:09:14.714]   S0:142	S1:385	S2:195	t:118142	dt:30	p:-13.50	d:-13.08	DIR:2	Angle:26
[2020-07-05 10:09:14.721]   S0:137	S1:368	S2:209	t:118162	dt:20	p:-18.00	d:-22.64	DIR:2	Angle:40
[2020-07-05 10:09:14.730]   S0:140	S1:349	S2:221	t:118182	dt:20	p:-20.50	d:-20.24	DIR:2	Angle:40
[2020-07-05 10:09:14.740]   S0:135	S1:345	S2:233	t:118212	dt:30	p:-24.50	d:-23.18	DIR:2	Angle:47
[2020-07-05 10:09:14.756]   S0:131	S1:349	S2:239	t:118232	dt:20	p:-27.00	d:-22.81	DIR:2	Angle:49
[2020-07-05 10:09:14.780]   S0:119	S1:357	S2:238	t:118262	dt:30	p:-30.00	d:-22.00	DIR:2	Angle:51
[2020-07-05 10:09:14.799]   S0:114	S1:360	S2:228	t:118282	dt:20	p:-28.50	d:-9.94	DIR:2	Angle:38
[2020-07-05 10:09:14.799]   S0:131	S1:366	S2:224	t:118302	dt:20	p:-23.50	d:6.02	DIR:2	Angle:17
[2020-07-05 10:09:14.820]   S0:119	S1:345	S2:198	t:118363	dt:61	p:-20.00	d:2.52	DIR:2	Angle:17
[2020-07-05 10:09:14.943]   S0:119	S1:368	S2:191	t:118383	dt:20	p:-18.00	d:9.51	DIR:2	Angle:8
[2020-07-05 10:09:15.024]   S0:136	S1:395	S2:192	t:118434	dt:51	p:-14.00	d:9.24	DIR:2	Angle:4
[2020-07-05 10:09:15.123]   S0:133	S1:392	S2:195	t:118464	dt:30	p:-15.50	d:2.92	DIR:2	Angle:12
[2020-07-05 10:09:15.135]   S0:136	S1:413	S2:195	t:118485	dt:21	p:-15.00	d:5.64	DIR:2	Angle:9
[2020-07-05 10:09:15.145]   S0:136	S1:416	S2:195	t:118506	dt:21	p:-15.00	d:2.85	DIR:2	Angle:12
[2020-07-05 10:09:15.155]   S0:136	S1:422	S2:203	t:118536	dt:30	p:-17.00	d:-1.61	DIR:2	Angle:18
[2020-07-05 10:09:15.159]   S0:136	S1:419	S2:207	t:118556	dt:20	p:-18.00	d:-2.92	DIR:2	Angle:20
[2020-07-05 10:09:15.166]   S0:135	S1:415	S2:220	t:118576	dt:20	p:-21.50	d:-13.18	DIR:2	Angle:34
[2020-07-05 10:09:15.177]   S0:133	S1:414	S2:227	t:118597	dt:21	p:-23.50	d:-11.72	DIR:2	Angle:35
[2020-07-05 10:09:15.197]   S0:135	S1:409	S2:239	t:118626	dt:29	p:-26.00	d:-14.04	DIR:2	Angle:40
[2020-07-05 10:09:15.260]   S0:135	S1:402	S2:266	t:118646	dt:20	p:-33.00	d:-31.92	DIR:2	Angle:64
[2020-07-05 10:09:15.281]   S0:135	S1:398	S2:392	t:118667	dt:21	p:-64.50	d:-115.32	DIR:2	Angle:100
[2020-07-05 10:09:15.282]   S0:138	S1:391	S2:600	t:118696	dt:29	p:-115.50	d:-166.32	DIR:2	Angle:100
[2020-07-05 10:09:15.289]   S0:136	S1:409	S2:600	t:118716	dt:20	p:-116.00	d:-95.55	DIR:2	Angle:100
[2020-07-05 10:09:15.295]   S0:145	S1:437	S2:600	t:118746	dt:30	p:-114.00	d:-82.85	DIR:2	Angle:100
[2020-07-05 10:09:15.299]   S0:167	S1:438	S2:600	t:118766	dt:20	p:-108.50	d:-41.13	DIR:2	Angle:100
[2020-07-05 10:09:15.299]   S0:173	S1:436	S2:600	t:118786	dt:20	p:-107.00	d:-36.33	DIR:2	Angle:100
[2020-07-05 10:09:15.308]   S0:263	S1:450	S2:177	t:118906	dt:120	p:21.50	d:45.57	DIR:0	Angle:67
[2020-07-05 10:09:15.314]   S0:286	S1:498	S2:153	t:118926	dt:20	p:33.00	d:41.41	DIR:0	Angle:74
[2020-07-05 10:09:15.318]   S0:311	S1:515	S2:131	t:118946	dt:20	p:45.00	d:68.99	DIR:0	Angle:100
[2020-07-05 10:09:15.324]   S0:356	S1:544	S2:114	t:118966	dt:20	p:60.50	d:88.47	DIR:0	Angle:100
[2020-07-05 10:09:15.328]   S0:355	S1:560	S2:95	t:118986	dt:20	p:65.00	d:67.49	DIR:0	Angle:100
[2020-07-05 10:09:15.334]   S0:378	S1:598	S2:85	t:119006	dt:20	p:73.00	d:78.65	DIR:0	Angle:100
[2020-07-05 10:09:15.341]   S0:415	S1:637	S2:77	t:119036	dt:30	p:84.50	d:74.27	DIR:0	Angle:100
[2020-07-05 10:09:15.346]   S0:439	S1:623	S2:75	t:119056	dt:20	p:91.00	d:72.64	DIR:0	Angle:100
[2020-07-05 10:09:15.351]   S0:428	S1:576	S2:94	t:119077	dt:21	p:83.50	d:25.16	DIR:0	Angle:100
[2020-07-05 10:09:15.369]   S0:400	S1:501	S2:94	t:119106	dt:29	p:76.50	d:16.51	DIR:0	Angle:93
[2020-07-05 10:09:15.385]   S0:353	S1:444	S2:123	t:119126	dt:20	p:57.50	d:-49.44	DIR:0	Angle:8
[2020-07-05 10:09:15.405]   S0:332	S1:409	S2:469	t:119146	dt:20	p:-34.50	d:-317.65	DIR:2	Angle:100
[2020-07-05 10:09:15.434]   S0:318	S1:371	S2:600	t:119176	dt:30	p:-70.50	d:-202.36	DIR:2	Angle:100
[2020-07-05 10:09:15.463]   S0:299	S1:334	S2:600	t:119196	dt:20	p:-75.50	d:-190.00	DIR:2	Angle:100
[2020-07-05 10:09:15.484]   S0:289	S1:309	S2:600	t:119226	dt:30	p:-78.00	d:-136.34	DIR:2	Angle:100
[2020-07-05 10:09:15.534]   S0:278	S1:280	S2:600	t:119246	dt:20	p:-80.50	d:-117.12	DIR:2	Angle:100
[2020-07-05 10:09:15.548]   S0:270	S1:255	S2:600	t:119266	dt:20	p:-82.50	d:-91.15	DIR:2	Angle:100
[2020-07-05 10:09:15.563]   S0:255	S1:240	S2:600	t:119296	dt:30	p:-86.50	d:-78.31	DIR:2	Angle:100
[2020-07-05 10:09:15.601]   S0:246	S1:227	S2:600	t:119316	dt:20	p:-88.50	d:-63.16	DIR:2	Angle:100
[2020-07-05 10:09:15.629]   S0:232	S1:217	S2:593	t:119336	dt:20	p:-90.50	d:-53.82	DIR:2	Angle:100
[2020-07-05 10:09:15.633]   S0:217	S1:205	S2:588	t:119366	dt:30	p:-93.00	d:-44.55	DIR:2	Angle:100
[2020-07-05 10:09:15.656]   S0:200	S1:197	S2:585	t:119386	dt:20	p:-96.50	d:-44.46	DIR:2	Angle:100
[2020-07-05 10:09:15.666]   S0:188	S1:192	S2:583	t:119406	dt:20	p:-99.00	d:-38.00	DIR:2	Angle:100
[2020-07-05 10:09:15.698]   S0:179	S1:174	S2:587	t:119436	dt:30	p:-102.00	d:-34.15	DIR:2	Angle:100
[2020-07-05 10:09:15.720]   S0:166	S1:178	S2:589	t:119456	dt:20	p:-106.00	d:-37.38	DIR:2	Angle:100
[2020-07-05 10:09:15.750]   S0:151	S1:184	S2:600	t:119486	dt:30	p:-112.50	d:-38.29	DIR:2	Angle:100
[2020-07-05 10:09:15.765]   S0:141	S1:179	S2:600	t:119506	dt:20	p:-115.00	d:-33.56	DIR:2	Angle:100
[2020-07-05 10:09:15.785]   S0:136	S1:179	S2:600	t:119526	dt:20	p:-116.00	d:-27.28	DIR:2	Angle:100
[2020-07-05 10:09:15.805]   S0:125	S1:182	S2:600	t:119547	dt:21	p:-119.00	d:-29.80	DIR:2	Angle:100
[2020-07-05 10:09:15.837]   S0:119	S1:187	S2:600	t:119576	dt:29	p:-120.50	d:-22.48	DIR:2	Angle:100
[2020-07-05 10:09:15.855]   S0:115	S1:190	S2:600	t:119596	dt:20	p:-121.50	d:-20.76	DIR:2	Angle:100
[2020-07-05 10:09:15.887]   S0:112	S1:200	S2:600	t:119626	dt:30	p:-122.00	d:-15.52	DIR:2	Angle:100
[2020-07-05 10:09:15.905]   S0:112	S1:210	S2:600	t:119646	dt:20	p:-122.00	d:-12.09	DIR:2	Angle:100
[2020-07-05 10:09:15.924]   S0:108	S1:218	S2:600	t:119666	dt:20	p:-123.00	d:-12.54	DIR:2	Angle:100
[2020-07-05 10:09:15.977]   S0:108	S1:227	S2:600	t:119696	dt:30	p:-123.00	d:-8.21	DIR:2	Angle:100
[2020-07-05 10:09:15.995]   S0:110	S1:259	S2:600	t:119716	dt:20	p:-122.50	d:-5.25	DIR:2	Angle:100
[2020-07-05 10:09:15.999]   S0:116	S1:279	S2:600	t:119736	dt:20	p:-121.00	d:0.51	DIR:2	Angle:100
[2020-07-05 10:09:16.029]   S0:121	S1:294	S2:600	t:119766	dt:30	p:-120.00	d:0.64	DIR:2	Angle:100
[2020-07-05 10:09:16.046]   S0:128	S1:321	S2:286	t:119786	dt:20	p:-39.50	d:268.72	DIR:0	Angle:100
[2020-07-05 10:09:16.064]   S0:131	S1:344	S2:270	t:119806	dt:20	p:-35.00	d:104.79	DIR:0	Angle:69
[2020-07-05 10:09:16.094]   S0:149	S1:382	S2:248	t:119836	dt:30	p:-25.00	d:146.72	DIR:0	Angle:100
[2020-07-05 10:09:16.114]   S0:157	S1:416	S2:232	t:119856	dt:20	p:-19.00	d:103.84	DIR:0	Angle:84
[2020-07-05 10:09:16.134]   S0:160	S1:443	S2:217	t:119876	dt:20	p:-14.50	d:98.52	DIR:0	Angle:84
[2020-07-05 10:09:16.169]   S0:167	S1:462	S2:195	t:119906	dt:30	p:-7.00	d:84.12	DIR:0	Angle:77
[2020-07-05 10:09:16.185]   S0:189	S1:477	S2:188	t:119926	dt:20	p:0.00	d:84.21	DIR:0	Angle:84
[2020-07-05 10:09:16.204]   S0:198	S1:473	S2:188	t:119946	dt:20	p:2.50	d:64.44	DIR:0	Angle:66
[2020-07-05 10:09:16.252]   S0:195	S1:441	S2:200	t:119976	dt:30	p:-1.50	d:40.66	DIR:0	Angle:39
[2020-07-05 10:09:16.401]   S0:184	S1:400	S2:223	t:119996	dt:20	p:-10.00	d:6.70	DIR:2	Angle:3
[2020-07-05 10:09:16.415]   S0:163	S1:351	S2:254	t:120016	dt:20	p:-23.00	d:-27.54	DIR:2	Angle:50
[2020-07-05 10:09:16.421]   S0:150	S1:310	S2:291	t:120046	dt:30	p:-35.50	d:-34.73	DIR:2	Angle:70
[2020-07-05 10:09:16.436]   S0:137	S1:271	S2:300	t:120066	dt:20	p:-41.00	d:-39.09	DIR:2	Angle:80
[2020-07-05 10:09:16.450]   S0:126	S1:247	S2:600	t:120096	dt:30	p:-118.50	d:-196.83	DIR:2	Angle:100
[2020-07-05 10:09:16.454]   S0:111	S1:225	S2:600	t:120116	dt:20	p:-122.50	d:-91.97	DIR:2	Angle:100
[2020-07-05 10:09:16.468]   S0:106	S1:215	S2:600	t:120136	dt:20	p:-123.50	d:-99.60	DIR:2	Angle:100
[2020-07-05 10:09:16.476]   S0:94	S1:204	S2:600	t:120166	dt:30	p:-126.50	d:-70.52	DIR:2	Angle:100
[2020-07-05 10:09:16.489]   S0:87	S1:203	S2:600	t:120186	dt:20	p:-128.50	d:-63.37	DIR:2	Angle:100
[2020-07-05 10:09:16.501]   S0:85	S1:209	S2:600	t:120206	dt:20	p:-129.00	d:-46.30	DIR:2	Angle:100
[2020-07-05 10:09:16.513]   S0:87	S1:215	S2:600	t:120236	dt:30	p:-128.50	d:-35.45	DIR:2	Angle:100
[2020-07-05 10:09:16.519]   S0:80	S1:225	S2:600	t:120256	dt:20	p:-130.00	d:-32.25	DIR:2	Angle:100
[2020-07-05 10:09:16.539]   S0:97	S1:237	S2:436	t:120276	dt:20	p:-85.00	d:127.43	DIR:0	Angle:42
[2020-07-05 10:09:16.572]   S0:105	S1:245	S2:419	t:120306	dt:30	p:-78.50	d:46.17	DIR:2	Angle:32
[2020-07-05 10:09:16.590]   S0:99	S1:260	S2:399	t:120326	dt:20	p:-75.00	d:69.54	DIR:2	Angle:5
[2020-07-05 10:09:16.604]   S0:96	S1:275	S2:380	t:120346	dt:20	p:-71.00	d:51.90	DIR:2	Angle:19
[2020-07-05 10:09:16.635]   S0:106	S1:309	S2:356	t:120376	dt:30	p:-62.50	d:59.37	DIR:2	Angle:3
[2020-07-05 10:09:16.656]   S0:107	S1:352	S2:332	t:120396	dt:20	p:-56.50	d:57.09	DIR:1	Angle:0
[2020-07-05 10:09:16.685]   S0:116	S1:363	S2:306	t:120416	dt:20	p:-47.50	d:68.82	DIR:0	Angle:21
[2020-07-05 10:09:16.755]   S0:118	S1:358	S2:304	t:120446	dt:30	p:-46.50	d:44.19	DIR:2	Angle:2
[2020-07-05 10:09:16.821]   S0:112	S1:346	S2:310	t:120466	dt:20	p:-49.50	d:27.67	DIR:2	Angle:21
[2020-07-05 10:09:16.829]   S0:106	S1:328	S2:319	t:120486	dt:20	p:-53.50	d:10.62	DIR:2	Angle:42
[2020-07-05 10:09:16.832]   S0:103	S1:312	S2:325	t:120516	dt:30	p:-55.50	d:8.32	DIR:2	Angle:47
[2020-07-05 10:09:16.837]   S0:98	S1:304	S2:335	t:120536	dt:20	p:-59.50	d:-7.02	DIR:2	Angle:66
[2020-07-05 10:09:16.841]   S0:91	S1:290	S2:354	t:120566	dt:30	p:-66.00	d:-14.01	DIR:2	Angle:80
[2020-07-05 10:09:16.847]   S0:87	S1:280	S2:375	t:120586	dt:20	p:-72.00	d:-27.01	DIR:2	Angle:99
[2020-07-05 10:09:16.864]   S0:85	S1:272	S2:365	t:120606	dt:20	p:-70.00	d:-7.01	DIR:2	Angle:77
[2020-07-05 10:09:16.894]   S0:83	S1:264	S2:350	t:120636	dt:30	p:-67.00	d:-4.67	DIR:2	Angle:71
[2020-07-05 10:09:16.914]   S0:84	S1:278	S2:329	t:120656	dt:20	p:-61.50	d:14.44	DIR:2	Angle:47
[2020-07-05 10:09:16.935]   S0:89	S1:300	S2:311	t:120676	dt:20	p:-55.50	d:23.26	DIR:2	Angle:32
[2020-07-05 10:09:16.964]   S0:94	S1:385	S2:291	t:120706	dt:30	p:-49.50	d:25.90	DIR:2	Angle:23
[2020-07-05 10:09:16.985]   S0:103	S1:583	S2:277	t:120726	dt:20	p:-43.50	d:36.38	DIR:2	Angle:7
[2020-07-05 10:09:17.013]   S0:111	S1:659	S2:264	t:120746	dt:20	p:-38.50	d:37.43	DIR:2	Angle:1
[2020-07-05 10:09:17.037]   S0:121	S1:711	S2:246	t:120776	dt:30	p:-31.50	d:40.16	DIR:0	Angle:8
[2020-07-05 10:09:17.097]   S0:139	S1:770	S2:240	t:120796	dt:20	p:-25.50	d:45.86	DIR:0	Angle:20
[2020-07-05 10:09:17.107]   S0:138	S1:796	S2:231	t:120816	dt:20	p:-23.50	d:35.34	DIR:0	Angle:11
[2020-07-05 10:09:17.116]   S0:153	S1:770	S2:228	t:120846	dt:30	p:-19.00	d:37.07	DIR:0	Angle:18
[2020-07-05 10:09:17.126]   S0:154	S1:741	S2:232	t:120866	dt:20	p:-19.50	d:22.47	DIR:0	Angle:2
[2020-07-05 10:09:17.148]   S0:145	S1:677	S2:232	t:120886	dt:20	p:-22.00	d:11.51	DIR:2	Angle:10
[2020-07-05 10:09:17.181]   S0:133	S1:643	S2:236	t:120916	dt:30	p:-26.00	d:2.44	DIR:2	Angle:23
[2020-07-05 10:09:17.196]   S0:129	S1:575	S2:245	t:120936	dt:20	p:-29.00	d:-5.35	DIR:2	Angle:34
[2020-07-05 10:09:17.216]   S0:114	S1:530	S2:254	t:120957	dt:21	p:-35.00	d:-20.02	DIR:2	Angle:55
[2020-07-05 10:09:17.244]   S0:121	S1:488	S2:271	t:120986	dt:29	p:-37.50	d:-14.20	DIR:2	Angle:51
[2020-07-05 10:09:17.265]   S0:123	S1:477	S2:281	t:121006	dt:20	p:-39.50	d:-18.07	DIR:2	Angle:57
[2020-07-05 10:09:17.296]   S0:110	S1:477	S2:286	t:121036	dt:30	p:-44.00	d:-20.76	DIR:2	Angle:64
[2020-07-05 10:09:17.318]   S0:106	S1:478	S2:292	t:121056	dt:20	p:-46.50	d:-21.28	DIR:2	Angle:67
[2020-07-05 10:09:17.337]   S0:115	S1:471	S2:299	t:121076	dt:20	p:-46.00	d:-12.35	DIR:2	Angle:58
[2020-07-05 10:09:17.365]   S0:121	S1:462	S2:304	t:121106	dt:30	p:-46.00	d:-11.21	DIR:2	Angle:57
[2020-07-05 10:09:17.386]   S0:136	S1:462	S2:303	t:121126	dt:20	p:-42.00	d:5.48	DIR:2	Angle:36
[2020-07-05 10:09:17.433]   S0:157	S1:472	S2:270	t:121146	dt:20	p:-28.50	d:43.09	DIR:0	Angle:14
[2020-07-05 10:09:17.506]   S0:182	S1:489	S2:247	t:121176	dt:30	p:-16.50	d:42.86	DIR:0	Angle:26
[2020-07-05 10:09:17.512]   S0:209	S1:501	S2:233	t:121196	dt:20	p:-6.00	d:63.65	DIR:0	Angle:57
[2020-07-05 10:09:17.516]   S0:239	S1:503	S2:225	t:121216	dt:20	p:3.50	d:67.17	DIR:0	Angle:70
[2020-07-05 10:09:17.521]   S0:265	S1:490	S2:212	t:121246	dt:30	p:13.00	d:64.72	DIR:0	Angle:77
[2020-07-05 10:09:17.525]   S0:287	S1:471	S2:210	t:121266	dt:20	p:19.00	d:63.96	DIR:0	Angle:82
[2020-07-05 10:09:17.578]   S0:270	S1:449	S2:239	t:121286	dt:20	p:7.50	d:4.56	DIR:0	Angle:12
[2020-07-05 10:09:17.640]   S0:246	S1:412	S2:600	t:121316	dt:30	p:-88.50	d:-190.49	DIR:2	Angle:100
[2020-07-05 10:09:17.674]   S0:232	S1:372	S2:600	t:121336	dt:20	p:-92.00	d:-73.64	DIR:2	Angle:100
[2020-07-05 10:09:17.688]   S0:209	S1:321	S2:600	t:121356	dt:20	p:-98.00	d:-108.05	DIR:2	Angle:100
[2020-07-05 10:09:17.709]   S0:191	S1:281	S2:600	t:121386	dt:30	p:-102.50	d:-70.56	DIR:2	Angle:100
[2020-07-05 10:09:17.719]   S0:180	S1:249	S2:600	t:121406	dt:20	p:-105.00	d:-67.87	DIR:2	Angle:100
[2020-07-05 10:09:17.734]   S0:165	S1:236	S2:600	t:121436	dt:30	p:-109.00	d:-55.03	DIR:2	Angle:100
[2020-07-05 10:09:17.747]   S0:162	S1:225	S2:600	t:121456	dt:20	p:-109.50	d:-42.63	DIR:2	Angle:100
[2020-07-05 10:09:17.754]   S0:148	S1:227	S2:600	t:121476	dt:20	p:-113.00	d:-44.22	DIR:2	Angle:100
[2020-07-05 10:09:17.764]   S0:141	S1:226	S2:600	t:121506	dt:30	p:-115.00	d:-33.40	DIR:2	Angle:100
[2020-07-05 10:09:17.831]   S0:133	S1:232	S2:600	t:121526	dt:20	p:-117.00	d:-32.54	DIR:2	Angle:100
[2020-07-05 10:09:17.840]   S0:128	S1:239	S2:600	t:121546	dt:20	p:-118.00	d:-25.31	DIR:2	Angle:100
[2020-07-05 10:09:17.889]   S0:126	S1:243	S2:600	t:121576	dt:30	p:-118.50	d:-20.40	DIR:2	Angle:100
[2020-07-05 10:09:17.929]   S0:126	S1:245	S2:600	t:121596	dt:20	p:-118.50	d:-15.24	DIR:2	Angle:100
[2020-07-05 10:09:17.938]   S0:127	S1:253	S2:600	t:121616	dt:20	p:-118.50	d:-11.88	DIR:2	Angle:100
[2020-07-05 10:09:17.970]   S0:135	S1:257	S2:600	t:121646	dt:30	p:-116.50	d:-4.59	DIR:2	Angle:100
[2020-07-05 10:09:18.039]   S0:140	S1:267	S2:600	t:121666	dt:20	p:-115.00	d:-0.49	DIR:2	Angle:100
[2020-07-05 10:09:18.090]   S0:148	S1:272	S2:600	t:121686	dt:20	p:-113.00	d:4.97	DIR:2	Angle:100
[2020-07-05 10:09:18.138]   S0:156	S1:283	S2:600	t:121716	dt:30	p:-111.00	d:5.94	DIR:2	Angle:100
[2020-07-05 10:09:18.285]   S0:172	S1:293	S2:600	t:121736	dt:20	p:-107.00	d:16.97	DIR:2	Angle:90
[2020-07-05 10:09:18.302]   S0:179	S1:298	S2:600	t:121756	dt:20	p:-105.50	d:12.64	DIR:2	Angle:92
[2020-07-05 10:09:18.320]   S0:179	S1:301	S2:600	t:121786	dt:30	p:-105.50	d:9.87	DIR:2	Angle:95
[2020-07-05 10:09:18.346]   S0:183	S1:311	S2:600	t:121806	dt:20	p:-104.50	d:10.84	DIR:2	Angle:93
[2020-07-05 10:09:18.356]   S0:190	S1:314	S2:312	t:121826	dt:20	p:-30.50	d:253.57	DIR:0	Angle:100
[2020-07-05 10:09:18.378]   S0:193	S1:320	S2:266	t:121856	dt:30	p:-18.50	d:114.80	DIR:0	Angle:96
[2020-07-05 10:09:18.396]   S0:202	S1:347	S2:246	t:121876	dt:20	p:-11.00	d:147.79	DIR:0	Angle:100
[2020-07-05 10:09:18.431]   S0:210	S1:360	S2:230	t:121906	dt:30	p:-5.00	d:100.86	DIR:0	Angle:95
[2020-07-05 10:09:18.473]   S0:215	S1:360	S2:210	t:121926	dt:20	p:1.00	d:102.88	DIR:0	Angle:100
[2020-07-05 10:09:18.485]   S0:215	S1:356	S2:202	t:121946	dt:20	p:3.00	d:74.58	DIR:0	Angle:77
[2020-07-05 10:09:18.508]   S0:212	S1:342	S2:207	t:121976	dt:30	p:1.00	d:54.71	DIR:0	Angle:55
[2020-07-05 10:09:18.573]   S0:208	S1:324	S2:216	t:121996	dt:20	p:-2.00	d:33.10	DIR:0	Angle:31
[2020-07-05 10:09:18.583]   S0:199	S1:305	S2:135	t:122026	dt:30	p:16.00	d:69.27	DIR:0	Angle:85
[2020-07-05 10:09:18.600]   S0:190	S1:275	S2:600	t:122046	dt:20	p:-102.50	d:-360.88	DIR:2	Angle:100
[2020-07-05 10:09:18.618]   S0:179	S1:251	S2:600	t:122066	dt:20	p:-105.50	d:-107.20	DIR:2	Angle:100
[2020-07-05 10:09:18.638]   S0:170	S1:229	S2:600	t:122086	dt:20	p:-107.50	d:-162.69	DIR:2	Angle:100
[2020-07-05 10:09:18.668]   S0:160	S1:202	S2:600	t:122116	dt:30	p:-110.00	d:-95.52	DIR:2	Angle:100
[2020-07-05 10:09:18.686]   S0:146	S1:177	S2:600	t:122136	dt:20	p:-113.50	d:-97.74	DIR:2	Angle:100
[2020-07-05 10:09:18.694]   S0:137	S1:153	S2:600	t:122166	dt:30	p:-116.00	d:-69.98	DIR:2	Angle:100
[2020-07-05 10:09:18.755]   S0:122	S1:136	S2:568	t:122186	dt:20	p:-111.50	d:-40.90	DIR:2	Angle:100
[2020-07-05 10:09:18.787]   S0:107	S1:117	S2:542	t:122206	dt:20	p:-109.00	d:-28.63	DIR:2	Angle:100
[2020-07-05 10:09:18.821]   S0:96	S1:107	S2:527	t:122236	dt:30	p:-108.00	d:-20.95	DIR:2	Angle:100
[2020-07-05 10:09:18.854]   S0:81	S1:101	S2:524	t:122256	dt:20	p:-111.00	d:-26.53	DIR:2	Angle:100
[2020-07-05 10:09:18.880]   S0:70	S1:97	S2:541	t:122376	dt:120	p:-118.00	d:-19.72	DIR:0	Angle:100
[2020-07-05 10:09:18.996]   S0:70	S1:105	S2:600	t:122396	dt:20	p:-132.50	d:-63.75	DIR:2	Angle:100
[2020-07-05 10:09:19.039]   S0:70	S1:110	S2:600	t:122416	dt:20	p:-132.50	d:-27.82	DIR:2	Angle:100
[2020-07-05 10:09:19.240]   S0:70	S1:105	S2:600	t:122446	dt:30	p:-132.50	d:-30.52	DIR:2	Angle:100
[2020-07-05 10:09:19.313]   S0:70	S1:97	S2:600	t:122566	dt:120	p:-132.50	d:-19.45	DIR:0	Angle:100
[2020-07-05 10:09:19.372]   S0:70	S1:110	S2:600	t:122586	dt:20	p:-132.50	d:-16.66	DIR:2	Angle:100
[2020-07-05 10:09:19.391]   S0:70	S1:108	S2:600	t:122616	dt:30	p:-132.50	d:-12.04	DIR:2	Angle:100
[2020-07-05 10:09:19.478]   S0:70	S1:105	S2:600	t:122636	dt:20	p:-132.50	d:-9.56	DIR:2	Angle:100
[2020-07-05 10:09:20.214]   S0:70	S1:105	S2:600	t:122656	dt:20	p:-132.50	d:-7.20	DIR:2	Angle:100
[2020-07-05 10:09:20.242]   S0:70	S1:104	S2:600	t:122686	dt:30	p:-132.50	d:-5.59	DIR:2	Angle:100
[2020-07-05 10:09:20.279]   S0:70	S1:103	S2:600	t:122706	dt:20	p:-132.50	d:-4.26	DIR:2	Angle:100
[2020-07-05 10:09:20.312]   S0:70	S1:106	S2:600	t:122726	dt:20	p:-132.50	d:-3.28	DIR:2	Angle:100
[2020-07-05 10:09:20.323]   S0:70	S1:106	S2:600	t:122756	dt:30	p:-132.50	d:-2.52	DIR:2	Angle:100
[2020-07-05 10:09:20.335]   S0:70	S1:107	S2:600	t:122776	dt:20	p:-132.50	d:-1.93	DIR:2	Angle:100
[2020-07-05 10:09:20.371]   S0:70	S1:109	S2:600	t:122796	dt:20	p:-132.50	d:-1.48	DIR:2	Angle:100
[2020-07-05 10:09:20.410]   S0:70	S1:109	S2:600	t:122826	dt:30	p:-132.50	d:-1.14	DIR:2	Angle:100
[2020-07-05 10:09:20.417]   S0:70	S1:113	S2:600	t:122846	dt:20	p:-132.50	d:-0.87	DIR:2	Angle:100
[2020-07-05 10:09:20.424]   S0:70	S1:233	S2:318	t:123006	dt:160	p:-62.00	d:28.70	DIR:2	Angle:33
